[ 2018-09-28T04:03:18+08:00 ][ info ] [ BEHAVIOR ] Run Closure @app_init [ RunTime:0.000116s ]
[ info ] [ LOG ] INIT File
[ 2018-09-28T04:03:18+08:00 ][ info ] [ CACHE ] INIT File
[ 2018-09-28T04:03:18+08:00 ][ info ] [ BEHAVIOR ] Run Closure @app_init [ RunTime:0.002355s ]
[ 2018-09-28T04:03:18+08:00 ][ info ] [ BEHAVIOR ] Run app\common\behavior\Cors @app_init [ RunTime:0.001782s ]
[ 2018-09-28T04:03:18+08:00 ][ info ] [ DB ] INIT mysql
[ 2018-09-28T04:03:19+08:00 ][ sql ] [ DB ] CONNECT:[ UseTime:0.096779s ] mysql:host=papapa.tk;dbname=fastadmin;charset=utf8
[ 2018-09-28T04:03:19+08:00 ][ sql ] [ SQL ] SHOW TABLE STATUS LIKE 'gift' [ RunTime:0.041591s ]
[ 2018-09-28T04:03:19+08:00 ][ sql ] [ SQL ] SHOW TABLE STATUS LIKE 'fa_gift' [ RunTime:0.041531s ]
[ 2018-09-28T04:07:47+08:00 ][ info ] [ BEHAVIOR ] Run Closure @app_init [ RunTime:0.000119s ]
[ info ] [ LOG ] INIT File
[ 2018-09-28T04:07:47+08:00 ][ info ] [ CACHE ] INIT File
[ 2018-09-28T04:07:47+08:00 ][ info ] [ BEHAVIOR ] Run Closure @app_init [ RunTime:0.002692s ]
[ 2018-09-28T04:07:47+08:00 ][ info ] [ BEHAVIOR ] Run app\common\behavior\Cors @app_init [ RunTime:0.001803s ]
[ 2018-09-28T04:08:22+08:00 ][ info ] [ BEHAVIOR ] Run Closure @app_init [ RunTime:0.000122s ]
[ info ] [ LOG ] INIT File
[ 2018-09-28T04:08:22+08:00 ][ info ] [ CACHE ] INIT File
[ 2018-09-28T04:08:22+08:00 ][ info ] [ BEHAVIOR ] Run Closure @app_init [ RunTime:0.002177s ]
[ 2018-09-28T04:08:22+08:00 ][ info ] [ BEHAVIOR ] Run app\common\behavior\Cors @app_init [ RunTime:0.001572s ]
[ 2018-09-28T04:08:22+08:00 ][ info ] [ DB ] INIT mysql
[ 2018-09-28T04:08:23+08:00 ][ sql ] [ DB ] CONNECT:[ UseTime:0.093256s ] mysql:host=papapa.tk;dbname=fastadmin;charset=utf8
[ 2018-09-28T04:08:23+08:00 ][ sql ] [ SQL ] SHOW TABLE STATUS LIKE 'gift' [ RunTime:0.045748s ]
[ 2018-09-28T04:08:23+08:00 ][ sql ] [ SQL ] SHOW TABLE STATUS LIKE 'fa_gift' [ RunTime:0.037368s ]
[ 2018-09-28T04:08:23+08:00 ][ sql ] [ SQL ] SELECT * FROM `information_schema`.`columns` WHERE TABLE_SCHEMA = 'fastadmin' AND table_name = 'fa_gift' ORDER BY ORDINAL_POSITION [ RunTime:0.040297s ]
